Build started 5/11/2017 10:10:56 PM.
     1>Project "C:\Users\John\documents\visual studio 2015\Projects\CS4820HW4\CS4820HW4\CS4820HW4.vcxproj" on node 2 (Build target(s)).
     1>ClCompile:
         C:\Program Files (x86)\Microsoft Visual Studio 14.0\VC\bin\CL.exe /c /ZI /nologo /W3 /WX- /sdl /Od /Oy- /D WIN32 /D _DEBUG /D _CONSOLE /D _UNICODE /D UNICODE /Gm /EHsc /RTC1 /MDd /GS /fp:precise /Zc:wchar_t /Zc:forScope /Zc:inline /Yu"stdafx.h" /Fp"Debug\CS4820HW4.pch" /Fo"Debug\\" /Fd"Debug\vc140.pdb" /Gd /TP /analyze- /errorReport:prompt CS4820HW4.cpp
         CS4820HW4.cpp
     1>c:\users\john\documents\visual studio 2015\projects\cs4820hw4\cs4820hw4\cs4820hw4.cpp(30): warning C4305: 'initializing': truncation from 'double' to 'float'
     1>c:\users\john\documents\visual studio 2015\projects\cs4820hw4\cs4820hw4\cs4820hw4.cpp(50): warning C4244: 'argument': conversion from 'double' to 'char', possible loss of data
     1>c:\users\john\documents\visual studio 2015\projects\cs4820hw4\cs4820hw4\cs4820hw4.cpp(112): warning C4244: 'argument': conversion from 'time_t' to 'unsigned int', possible loss of data
     1>c:\users\john\documents\visual studio 2015\projects\cs4820hw4\cs4820hw4\cs4820hw4.cpp(134): warning C4018: '<': signed/unsigned mismatch
     1>c:\users\john\documents\visual studio 2015\projects\cs4820hw4\cs4820hw4\cs4820hw4.cpp(152): warning C4018: '<': signed/unsigned mismatch
     1>c:\users\john\documents\visual studio 2015\projects\cs4820hw4\cs4820hw4\cs4820hw4.cpp(174): warning C4018: '<': signed/unsigned mismatch
     1>c:\users\john\documents\visual studio 2015\projects\cs4820hw4\cs4820hw4\cs4820hw4.cpp(182): warning C4244: 'initializing': conversion from 'double' to 'float', possible loss of data
     1>c:\users\john\documents\visual studio 2015\projects\cs4820hw4\cs4820hw4\cs4820hw4.cpp(184): warning C4244: '=': conversion from 'double' to 'float', possible loss of data
     1>c:\users\john\documents\visual studio 2015\projects\cs4820hw4\cs4820hw4\cs4820hw4.cpp(196): warning C4018: '<': signed/unsigned mismatch
     1>c:\users\john\documents\visual studio 2015\projects\cs4820hw4\cs4820hw4\cs4820hw4.cpp(200): warning C4018: '<': signed/unsigned mismatch
     1>c:\users\john\documents\visual studio 2015\projects\cs4820hw4\cs4820hw4\cs4820hw4.cpp(209): warning C4018: '<': signed/unsigned mismatch
     1>c:\users\john\documents\visual studio 2015\projects\cs4820hw4\cs4820hw4\cs4820hw4.cpp(213): warning C4018: '<': signed/unsigned mismatch
     1>c:\users\john\documents\visual studio 2015\projects\cs4820hw4\cs4820hw4\cs4820hw4.cpp(222): warning C4018: '<': signed/unsigned mismatch
     1>c:\users\john\documents\visual studio 2015\projects\cs4820hw4\cs4820hw4\cs4820hw4.cpp(223): warning C4018: '<': signed/unsigned mismatch
     1>c:\users\john\documents\visual studio 2015\projects\cs4820hw4\cs4820hw4\cs4820hw4.cpp(227): warning C4018: '<': signed/unsigned mismatch
     1>c:\users\john\documents\visual studio 2015\projects\cs4820hw4\cs4820hw4\cs4820hw4.cpp(228): warning C4018: '<': signed/unsigned mismatch
     1>c:\users\john\documents\visual studio 2015\projects\cs4820hw4\cs4820hw4\cs4820hw4.cpp(248): warning C4018: '<': signed/unsigned mismatch
     1>c:\users\john\documents\visual studio 2015\projects\cs4820hw4\cs4820hw4\cs4820hw4.cpp(264): warning C4018: '<': signed/unsigned mismatch
     1>c:\users\john\documents\visual studio 2015\projects\cs4820hw4\cs4820hw4\cs4820hw4.cpp(285): warning C4018: '<': signed/unsigned mismatch
     1>c:\users\john\documents\visual studio 2015\projects\cs4820hw4\cs4820hw4\cs4820hw4.cpp(305): warning C4018: '<': signed/unsigned mismatch
     1>c:\users\john\documents\visual studio 2015\projects\cs4820hw4\cs4820hw4\cs4820hw4.cpp(401): warning C4244: 'argument': conversion from 'time_t' to 'unsigned int', possible loss of data
     1>c:\users\john\documents\visual studio 2015\projects\cs4820hw4\cs4820hw4\cs4820hw4.cpp(407): warning C4244: 'initializing': conversion from 'double' to 'float', possible loss of data
     1>c:\users\john\documents\visual studio 2015\projects\cs4820hw4\cs4820hw4\cs4820hw4.cpp(426): warning C4018: '<': signed/unsigned mismatch
     1>c:\users\john\documents\visual studio 2015\projects\cs4820hw4\cs4820hw4\cs4820hw4.cpp(435): warning C4018: '<': signed/unsigned mismatch
     1>c:\users\john\documents\visual studio 2015\projects\cs4820hw4\cs4820hw4\cs4820hw4.cpp(436): warning C4018: '<': signed/unsigned mismatch
     1>c:\users\john\documents\visual studio 2015\projects\cs4820hw4\cs4820hw4\cs4820hw4.cpp(457): warning C4018: '<': signed/unsigned mismatch
     1>c:\users\john\documents\visual studio 2015\projects\cs4820hw4\cs4820hw4\cs4820hw4.cpp(467): warning C4244: 'initializing': conversion from 'double' to 'float', possible loss of data
     1>c:\users\john\documents\visual studio 2015\projects\cs4820hw4\cs4820hw4\cs4820hw4.cpp(473): warning C4244: 'argument': conversion from 'float' to 'char', possible loss of data
     1>c:\users\john\documents\visual studio 2015\projects\cs4820hw4\cs4820hw4\cs4820hw4.cpp(484): warning C4018: '<': signed/unsigned mismatch
     1>c:\users\john\documents\visual studio 2015\projects\cs4820hw4\cs4820hw4\cs4820hw4.cpp(499): warning C4018: '<': signed/unsigned mismatch
     1>c:\users\john\documents\visual studio 2015\projects\cs4820hw4\cs4820hw4\cs4820hw4.cpp(504): warning C4244: '=': conversion from 'double' to 'float', possible loss of data
       Link:
         C:\Program Files (x86)\Microsoft Visual Studio 14.0\VC\bin\link.exe /ERRORREPORT:PROMPT /OUT:"C:\Users\John\documents\visual studio 2015\Projects\CS4820HW4\Debug\CS4820HW4.exe" /INCREMENTAL /NOLOGO kernel32.lib user32.lib gdi32.lib winspool.lib comdlg32.lib advapi32.lib shell32.lib ole32.lib oleaut32.lib uuid.lib odbc32.lib odbccp32.lib /MANIFEST /MANIFESTUAC:"level='asInvoker' uiAccess='false'" /manifest:embed /Debug /PDB:"C:\Users\John\documents\visual studio 2015\Projects\CS4820HW4\Debug\CS4820HW4.pdb" /SUBSYSTEM:CONSOLE /TLBID:1 /DYNAMICBASE /NXCOMPAT /IMPLIB:"C:\Users\John\documents\visual studio 2015\Projects\CS4820HW4\Debug\CS4820HW4.lib" /MACHINE:X86 Debug\CS4820HW4.obj
         Debug\stdafx.obj
         CS4820HW4.vcxproj -> C:\Users\John\documents\visual studio 2015\Projects\CS4820HW4\Debug\CS4820HW4.exe
     1>Done Building Project "C:\Users\John\documents\visual studio 2015\Projects\CS4820HW4\CS4820HW4\CS4820HW4.vcxproj" (Build target(s)).

Build succeeded.

Time Elapsed 00:00:03.90
